["SCOUTER=x1airt88lbfgkr; Expires=Sun, 28-Dec-2092 17:21:45 GMT; Path=/","JSESSIONID=vs+ki0hBHAaXSqyGqrL2q1uW.cip22; Path=/; Secure"]
["SCOUTER=x3ors0oc26jvhk; Expires=Sun, 28-Dec-2092 17:23:21 GMT; Path=/","JSESSIONID=57zWM-NupY0FMONSoUikLm-j.cip12; Path=/; Secure"]
["JSESSIONID=d0OfWwsaV24kgK3TAO5hYVO8.cip12; Path=/; Secure"]
["SCOUTER=z4isef9nu2ipgc; Expires=Sun, 28-Dec-2092 17:27:31 GMT; Path=/","JSESSIONID=5mZRzH1A+QvbQJssdzWc-UB0.cip11; Path=/; Secure"]
["JSESSIONID=+aCdTVB7VCuCqmcw7u6B58z0.cip11; Path=/; Secure"]
["SCOUTER=z48trfv45k6s19; Expires=Sun, 28-Dec-2092 17:30:37 GMT; Path=/","JSESSIONID=gZ6hgy2d36lv7TZs1xQkcj5j.cip12; Path=/; Secure"]
["JSESSIONID=t9hrTPVTW1vNfV0TopPZRn8J.cip12; Path=/; Secure"]
["SCOUTER=z5v0nfm99bbhr3; Expires=Sun, 28-Dec-2092 17:32:00 GMT; Path=/","JSESSIONID=JCYQaWsklH76FSa7FQo+yaAw.cip22; Path=/; Secure"]
["JSESSIONID=KllnbAGEpHayDmVm825lNdvC.cip22; Path=/; Secure"]
["SCOUTER=z7f76aqokebds7; Expires=Sun, 28-Dec-2092 17:36:27 GMT; Path=/","JSESSIONID=bFsf9qku0l-dkYfBt4F5Rnaj.cip11; Path=/; Secure"]
["JSESSIONID=bTuzbBuyE8XZorT7mcmoonaV.cip11; Path=/; Secure"]
["SCOUTER=z1o898p0ihlbmh; Expires=Sun, 28-Dec-2092 17:55:32 GMT; Path=/","JSESSIONID=+qdXGgHIoJgCbedPYgUn5sGk.cip12; Path=/; Secure"]
["JSESSIONID=dLFd7sCtH91BCLMGRt7MCx0H.cip12; Path=/; Secure"]
["SCOUTER=z6ifbn1bc17897; Expires=Sun, 28-Dec-2092 18:52:02 GMT; Path=/","JSESSIONID=ib66ZdsaE+kzNELFFsgdm06P.cip12; Path=/; Secure"]
["JSESSIONID=7L9-TiGlU7CBO+r6ppxEw2B4.cip12; Path=/; Secure"]
["SCOUTER=z4qvb36f5r8o3s; Expires=Sun, 28-Dec-2092 18:55:20 GMT; Path=/","JSESSIONID=a1hKGa4kpm5G0zV8FE78f74G.cip21; Path=/; Secure"]
["JSESSIONID=eLwAKqzC55ywuSIwwME1Kx9e.cip21; Path=/; Secure"]
["SCOUTER=z3l80k6puauffn; Expires=Sun, 28-Dec-2092 18:56:09 GMT; Path=/","JSESSIONID=zgZ43QpP3b91wa5Au24wBHoP.cip22; Path=/; Secure"]
["JSESSIONID=K9wS8ywrQZvOD-MEYUGYU9qx.cip22; Path=/; Secure"]
["SCOUTER=zktl2ca9s2m9m; Expires=Sun, 28-Dec-2092 19:00:09 GMT; Path=/","JSESSIONID=1o22+XvC3Bg0lD2XipgbIjp2.cip21; Path=/; Secure"]
["JSESSIONID=JvGAY9jaGldzlTRELohlsAQm.cip21; Path=/; Secure"]
["SCOUTER=x6rujm5mo7ooa; Expires=Mon, 29-Dec-2092 07:27:51 GMT; Path=/","JSESSIONID=LT2eBXrcLbSnaSUABJq9rj4w.cip12; Path=/; Secure"]
["SCOUTER=xpjc47lc374ip; Expires=Mon, 29-Dec-2092 07:27:52 GMT; Path=/","JSESSIONID=ghHpem4xNsmUps8BPW9haLLr.cip12; Path=/; Secure"]
["SCOUTER=z5iki4iaqnmda8; Expires=Mon, 29-Dec-2092 07:28:01 GMT; Path=/","JSESSIONID=ZP9aOfkwp2MFxo-BhZ383K5u.cip11; Path=/; Secure"]
["SCOUTER=z7qoo7ulhe5ce2; Expires=Mon, 29-Dec-2092 07:28:03 GMT; Path=/","JSESSIONID=CLFa+WqWdZL+alfkKcyGxP0U.cip22; Path=/; Secure"]
["JSESSIONID=b9-KenDTvwcKn3F8neYljT1l.cip12; Path=/; Secure"]
["JSESSIONID=Kes19x502qUaDF-Zqsbrcvu1.cip22; Path=/; Secure"]
["SCOUTER=x754j4jjmlb179; Expires=Mon, 29-Dec-2092 07:28:58 GMT; Path=/","JSESSIONID=Yfv2jU10ZGAUBf7syscU8ODL.cip22; Path=/; Secure"]
["SCOUTER=x7jeesf14ksubq; Expires=Mon, 29-Dec-2092 07:28:58 GMT; Path=/","JSESSIONID=+-4fq4O7UqqAGioMZZp8WrgX.cip11; Path=/; Secure"]
["SCOUTER=z6tc3q3qq9b7; Expires=Mon, 29-Dec-2092 07:29:00 GMT; Path=/","JSESSIONID=vWR4gwdD2cH4kp12k1tNFbqu.cip12; Path=/; Secure"]
["JSESSIONID=eqSi7EHRJvRR4lVKzjim64Ya.cip22; Path=/; Secure"]
["SCOUTER=x1knnkdc9ttti5; Expires=Mon, 29-Dec-2092 07:31:41 GMT; Path=/","JSESSIONID=8ZoHlKv+Ry9rh6nzNDkpXmR7.cip21; Path=/; Secure"]
["SCOUTER=xj3hrep2aoa4q; Expires=Mon, 29-Dec-2092 07:31:41 GMT; Path=/","JSESSIONID=7qjdB9e0EL7N0HbF6UrDoiUN.cip12; Path=/; Secure"]
["SCOUTER=x53mt8bone6a7e; Expires=Mon, 29-Dec-2092 07:31:42 GMT; Path=/","JSESSIONID=KQ0fuCefXOCwkr+CwbeXrF18.cip21; Path=/; Secure"]
["JSESSIONID=cGXqbcqT-AKrnW4iiXfFP8Ak.cip12; Path=/; Secure"]
["SCOUTER=z75k9n9qpvn1n8; Expires=Fri, 02-Jan-2093 16:50:00 GMT; Path=/","JSESSIONID=wLzrven1AiSuxxD03MviSc3j.cip11; Path=/; Secure"]
["SCOUTER=x4dn6fnsb8ea1h; Expires=Fri, 02-Jan-2093 16:52:09 GMT; Path=/","JSESSIONID=66XnLuJEuwa-YuulMIbCZsxN.cip11; Path=/; Secure"]
["JSESSIONID=Ziz2Gto6SY-qb1NYwgIQlhiM.cip11; Path=/; Secure"]
["SCOUTER=x5i193cbni3bsp; Expires=Fri, 02-Jan-2093 16:57:35 GMT; Path=/","JSESSIONID=XkgLQcT5WwTwAx64sKPmuObP.cip12; Path=/; Secure"]
["JSESSIONID=-vINdw0-RNP5FjGszq36JH1y.cip12; Path=/; Secure"]
["SCOUTER=x77gpeiacojl8h; Expires=Fri, 02-Jan-2093 17:00:23 GMT; Path=/","JSESSIONID=ubhOGz2eb-gTC3LaKiqv5RSD.cip22; Path=/; Secure"]
["JSESSIONID=ZwUPf-4l7UMEpz6p9Z61khGx.cip22; Path=/; Secure"]
["SCOUTER=z2dohtcm6aljmr; Expires=Sat, 03-Jan-2093 12:31:11 GMT; Path=/","JSESSIONID=+Jz5DFiWq8qn6anr6wYIOpuF.cip22; Path=/; Secure"]
["SCOUTER=xun2u14n0mheb; Expires=Sat, 03-Jan-2093 12:31:13 GMT; Path=/","JSESSIONID=i95LGYoVSdxNAdGRvlRRo5l3.cip21; Path=/; Secure"]
["SCOUTER=x1t1t5cef6jfga; Expires=Sat, 03-Jan-2093 12:31:13 GMT; Path=/","JSESSIONID=OzItnAwkB5RBWT3q8ZQzGkfp.cip11; Path=/; Secure"]
["JSESSIONID=y+eA4e-SZm+ciu-08AfZDWoh.cip22; Path=/; Secure"]
